<?xml version="1.0" encoding="UTF-8"?>
<!-- Generated by org.testng.reporters.JUnitReportReporter -->
<testsuite hostname="Naveen" name="testcases.LibraryAPITestCases" tests="3" failures="0" timestamp="21 Nov 2020 10:22:06 GMT" time="5.236" errors="0">
  <testcase name="addBookToLibrary" time="0.775" classname="testcases.LibraryAPITestCases"/>
  <testcase name="addBookToLibrary" time="0.438" classname="testcases.LibraryAPITestCases"/>
  <testcase name="addBookToLibrary" time="4.023" classname="testcases.LibraryAPITestCases"/>
</testsuite> <!-- testcases.LibraryAPITestCases -->
