<?xml version="1.0" encoding="UTF-8"?>
<!-- Generated by org.testng.reporters.JUnitReportReporter -->
<testsuite hostname="Naveen" name="testcases.MockJsonTestCases" tests="1" failures="0" timestamp="19 Nov 2020 11:50:52 GMT" time="3.830" errors="0">
  <testcase name="comparePriceAmt" time="3.830" classname="testcases.MockJsonTestCases"/>
</testsuite> <!-- testcases.MockJsonTestCases -->
