<?xml version="1.0" encoding="UTF-8"?>
<!-- Generated by org.testng.reporters.JUnitReportReporter -->
<testsuite hostname="Naveen" name="testcases.ReadJSONFromFile" tests="1" failures="0" timestamp="21 Nov 2020 11:41:31 GMT" time="4.493" errors="0">
  <testcase name="addPlaceByJSONFile" time="4.493" classname="testcases.ReadJSONFromFile"/>
</testsuite> <!-- testcases.ReadJSONFromFile -->
