<?xml version="1.0" encoding="UTF-8"?>
<!-- Generated by org.testng.reporters.JUnitReportReporter -->
<testsuite hostname="Naveen" name="testcases.JiraAPITestCases" tests="5" failures="0" timestamp="28 Nov 2020 05:33:25 GMT" time="38.853" errors="0">
  <testcase name="addAttachment" time="13.864" classname="testcases.JiraAPITestCases"/>
  <testcase name="getIssueDetails" time="0.221" classname="testcases.JiraAPITestCases"/>
  <testcase name="createDefect" time="19.014" classname="testcases.JiraAPITestCases"/>
  <testcase name="loginToJira" time="2.978" classname="testcases.JiraAPITestCases"/>
  <testcase name="addcomment" time="2.776" classname="testcases.JiraAPITestCases"/>
</testsuite> <!-- testcases.JiraAPITestCases -->
